<?xml version="1.0" encoding="UTF-8"?>
<!-- Generated by org.testng.reporters.JUnitXMLReporter -->
<testsuite hostname="DESKTOP-9L95BL6" ignored="0" name="Default test" tests="4" failures="0" timestamp="01 Jul 2021 10:03:49 GMT" time="0.087" errors="0">
  <testcase name="test1" time="0.02" classname="TestNgClass.Day13MultipleThread"/>
  <testcase name="test2" time="0.004" classname="TestNgClass.Day13MultipleThread"/>
  <testcase name="test3" time="0.002" classname="TestNgClass.Day13MultipleThread"/>
  <testcase name="test4" time="0.003" classname="TestNgClass.Day13MultipleThread"/>
</testsuite> <!-- Default test -->
